Warning[205] C:\USERS\MARC\DOCUMENTS\ECE341L\LAB3\LAB3PART1\LAB3PART1.ASM 7 : Found directive in column 1. (config)
Warning[205] C:\USERS\MARC\DOCUMENTS\ECE341L\LAB3\LAB3PART1\LAB3PART1.ASM 9 : Found directive in column 1. (config)
Warning[205] C:\USERS\MARC\DOCUMENTS\ECE341L\LAB3\LAB3PART1\LAB3PART1.ASM 11 : Found directive in column 1. (config)
Warning[205] C:\USERS\MARC\DOCUMENTS\ECE341L\LAB3\LAB3PART1\LAB3PART1.ASM 13 : Found directive in column 1. (config)
Warning[205] C:\USERS\MARC\DOCUMENTS\ECE341L\LAB3\LAB3PART1\LAB3PART1.ASM 15 : Found directive in column 1. (ORG)
Warning[203] C:\USERS\MARC\DOCUMENTS\ECE341L\LAB3\LAB3PART1\LAB3PART1.ASM 27 : Found opcode in column 1. (MOVLW)
Warning[203] C:\USERS\MARC\DOCUMENTS\ECE341L\LAB3\LAB3PART1\LAB3PART1.ASM 29 : Found opcode in column 1. (MOVWF)
Warning[203] C:\USERS\MARC\DOCUMENTS\ECE341L\LAB3\LAB3PART1\LAB3PART1.ASM 33 : Found opcode in column 1. (MOVLW)
Warning[203] C:\USERS\MARC\DOCUMENTS\ECE341L\LAB3\LAB3PART1\LAB3PART1.ASM 35 : Found opcode in column 1. (MOVWF)
Warning[203] C:\USERS\MARC\DOCUMENTS\ECE341L\LAB3\LAB3PART1\LAB3PART1.ASM 39 : Found opcode in column 1. (NOP)
Warning[203] C:\USERS\MARC\DOCUMENTS\ECE341L\LAB3\LAB3PART1\LAB3PART1.ASM 41 : Found opcode in column 1. (MOVLW)
Warning[203] C:\USERS\MARC\DOCUMENTS\ECE341L\LAB3\LAB3PART1\LAB3PART1.ASM 43 : Found opcode in column 1. (MOVWF)
Warning[203] C:\USERS\MARC\DOCUMENTS\ECE341L\LAB3\LAB3PART1\LAB3PART1.ASM 47 : Found opcode in column 1. (NOP)
Warning[203] C:\USERS\MARC\DOCUMENTS\ECE341L\LAB3\LAB3PART1\LAB3PART1.ASM 49 : Found opcode in column 1. (DECF)
Warning[203] C:\USERS\MARC\DOCUMENTS\ECE341L\LAB3\LAB3PART1\LAB3PART1.ASM 51 : Found opcode in column 1. (BNZ)
Warning[203] C:\USERS\MARC\DOCUMENTS\ECE341L\LAB3\LAB3PART1\LAB3PART1.ASM 53 : Found opcode in column 1. (DECF)
Warning[203] C:\USERS\MARC\DOCUMENTS\ECE341L\LAB3\LAB3PART1\LAB3PART1.ASM 55 : Found opcode in column 1. (BNZ)
Warning[203] C:\USERS\MARC\DOCUMENTS\ECE341L\LAB3\LAB3PART1\LAB3PART1.ASM 57 : Found opcode in column 1. (MOVLW)
Warning[203] C:\USERS\MARC\DOCUMENTS\ECE341L\LAB3\LAB3PART1\LAB3PART1.ASM 59 : Found opcode in column 1. (MOVWF)
Warning[203] C:\USERS\MARC\DOCUMENTS\ECE341L\LAB3\LAB3PART1\LAB3PART1.ASM 63 : Found opcode in column 1. (MOVLW)
Warning[203] C:\USERS\MARC\DOCUMENTS\ECE341L\LAB3\LAB3PART1\LAB3PART1.ASM 65 : Found opcode in column 1. (MOVWF)
Warning[203] C:\USERS\MARC\DOCUMENTS\ECE341L\LAB3\LAB3PART1\LAB3PART1.ASM 69 : Found opcode in column 1. (NOP)
Warning[203] C:\USERS\MARC\DOCUMENTS\ECE341L\LAB3\LAB3PART1\LAB3PART1.ASM 71 : Found opcode in column 1. (MOVLW)
Warning[203] C:\USERS\MARC\DOCUMENTS\ECE341L\LAB3\LAB3PART1\LAB3PART1.ASM 73 : Found opcode in column 1. (MOVWF)
Warning[203] C:\USERS\MARC\DOCUMENTS\ECE341L\LAB3\LAB3PART1\LAB3PART1.ASM 79 : Found opcode in column 1. (DECF)
Warning[203] C:\USERS\MARC\DOCUMENTS\ECE341L\LAB3\LAB3PART1\LAB3PART1.ASM 81 : Found opcode in column 1. (BNZ)
Warning[203] C:\USERS\MARC\DOCUMENTS\ECE341L\LAB3\LAB3PART1\LAB3PART1.ASM 83 : Found opcode in column 1. (DECF)
Warning[203] C:\USERS\MARC\DOCUMENTS\ECE341L\LAB3\LAB3PART1\LAB3PART1.ASM 85 : Found opcode in column 1. (BNZ)
Warning[203] C:\USERS\MARC\DOCUMENTS\ECE341L\LAB3\LAB3PART1\LAB3PART1.ASM 89 : Found opcode in column 1. (GOTO)
